ERROR:root:'str' object has no attribute 'reporthook'
ERROR:root:Could not parse JSON file while trying to convert it.
ERROR:root:Could not parse JSON file while trying to convert it.
    ERROR:root:Could not parse JSON file while trying to convert it: C:\ProgramData\coban\gimp\gimp.cb
ERROR:root:Could not parse JSON file while trying to convert it: C:\ProgramData\coban\gimp\gimp.cb
ERROR:root:Could not parse JSON file while trying to convert it: C:\ProgramData\coban\gimp\gimp.cb
ERROR:root:Could not parse JSON file while trying to convert it: C:\ProgramData\coban\gimp\gimp.cb
ERROR:root:Could not parse JSON file while trying to convert it: C:\ProgramData\coban\gimp\gimp.cb
ERROR:root:Could not parse JSON file while trying to convert it: C:\ProgramData\coban\gimp\gimp.cb
ERROR:root:Could not parse JSON file while trying to convert it: C:\ProgramData\coban\gimp\gimp.cb
ERROR:root:Could not parse JSON file while trying to convert it: C:\ProgramData\coban\gimp\gimp.cb
ERROR:root:Could not parse JSON file while trying to convert it: C:\ProgramData\coban\gimp\gimp.cb
ERROR:root:Could not parse JSON file while trying to convert it: C:\ProgramData\coban\gimp\gimp.cb
ERROR:root:Could not parse JSON file while trying to convert it: C:\ProgramData\coban\gimp\gimp.cb
ERROR:root:Could not parse JSON file while trying to convert it: 
ERROR:root:Could not parse JSON file while trying to convert it: 
ERROR:root:Could not parse JSON file while trying to convert it: 
ERROR:root:Could not parse JSON file while trying to convert it: 
ERROR:root:Could not parse JSON file while trying to convert it: C:\ProgramData\coban\ccleaner\ccleaner.cb
ERROR:root:Permission denied
ERROR:root:[Errno 13] Permission denied: 'D:\\tools'
ERROR:root:No such file or directory
ERROR:root:[Errno 2] No such file or directory: 'C:\\ProgramData\\coban\\cmder\\cmder7z'
ERROR:root:[Errno 2] No such file or directory: 'C:\\ProgramData\\coban\\cmder\\cmder7z'
ERROR:root:[Errno 2] No such file or directory: 'C:\\ProgramData\\coban\\cmder\\cmder7z'
ERROR:root:[Errno 2] No such file or directory: 'C:\\ProgramData\\coban\\cmder\\cmder7z'
ERROR:root:[Errno 2] No such file or directory: 'C:\\ProgramData\\coban\\cmder\\cmder7z'
ERROR:root:None
ERROR:root:[Errno 2] No such file or directory: 'C:\\ProgramData\\coban\\cmder\\cmder7z'
ERROR:root:[Errno 2] No such file or directory: 'C:\\ProgramData\\coban\\cmder\\cmder7z'
ERROR:root:[Errno 2] No such file or directory: 'C:\\ProgramData\\coban\\cmder\\cmder7z'
ERROR:root:[Errno 2] No such file or directory: 'C:\\ProgramData\\coban\\cmder\\cmder7z'
